Arguments: 
  C:\Program Files\nodejs\node.exe C:\Users\Рита\AppData\Roaming\npm\node_modules\yarn\bin\yarn.js

PATH: 
  C:\Users\Рита\bin;C:\Program Files\Git\mingw64\bin;C:\Program Files\Git\usr\local\bin;C:\Program Files\Git\usr\bin;C:\Program Files\Git\usr\bin;C:\Program Files\Git\mingw64\bin;C:\Program Files\Git\usr\bin;C:\Users\Рита\bin;C:\Windows\system32;C:\Windows;C:\Windows\System32\Wbem;C:\Windows\System32\WindowsPowerShell\v1.0;C:\Windows\System32\OpenSSH;C:\Program Files\nodejs;C:\Program Files\Git\cmd;C:\Users\Рита\AppData\Local\Microsoft\WindowsApps;C:\Users\Рита\AppData\Roaming\npm;C:\Users\Рита\AppData\Local\Programs\Microsoft VS Code\bin;C:\Program Files\Git\usr\bin\vendor_perl;C:\Program Files\Git\usr\bin\core_perl

Yarn version: 
  1.22.10

Node version: 
  14.16.0

Platform: 
  win32 x64

Trace: 
  Error: https://registry.yarnpkg.com/core-js/-/core-js-2.6.12.tgz: ESOCKETTIMEDOUT
      at ClientRequest.<anonymous> (C:\Users\Рита\AppData\Roaming\npm\node_modules\yarn\lib\cli.js:141289:19)
      at Object.onceWrapper (events.js:421:28)
      at ClientRequest.emit (events.js:315:20)
      at TLSSocket.emitRequestTimeout (_http_client.js:784:9)
      at Object.onceWrapper (events.js:421:28)
      at TLSSocket.emit (events.js:327:22)
      at TLSSocket.Socket._onTimeout (net.js:483:8)
      at listOnTimeout (internal/timers.js:554:17)
      at processTimers (internal/timers.js:497:7)

npm manifest: 
  {
    "name": "react-underhood-boilerplate",
    "version": "3.0.0",
    "scripts": {
      "dev": "webpack-dev-server --config ./webpack.config.js --mode development",
      "test": "jest",
      "lint": "eslint samples/** src/** tests/**"
    },
    "keywords": [
      "react"
    ],
    "author": "Mikhail Shilov <mikhail.shilov@csssr.com",
    "contributors": [
      "Ruslan Baigunussov <ruslan.baigunussov@csssr.com>"
    ],
    "license": "ISC",
    "husky": {
      "hooks": {
        "pre-commit": "npm run lint -- --fix",
        "pre-push": "npm run test"
      }
    },
    "devDependencies": {
      "@babel/core": "^7.8.4",
      "@babel/polyfill": "^7.8.3",
      "@babel/preset-env": "^7.8.4",
      "@babel/preset-react": "^7.8.3",
      "@types/jest": "^25.1.3",
      "babel-eslint": "^10.0.3",
      "babel-loader": "^8.0.6",
      "css-loader": "^3.4.2",
      "eslint": "^6.8.0",
      "eslint-config-airbnb": "^18.0.1",
      "eslint-config-prettier": "^6.10.0",
      "eslint-plugin-import": "^2.20.1",
      "eslint-plugin-jest": "^23.8.0",
      "eslint-plugin-jsx-a11y": "^6.2.3",
      "eslint-plugin-prettier": "^3.1.2",
      "eslint-plugin-react": "^7.18.3",
      "eslint-plugin-react-hooks": "^2.4.0",
      "husky": "^4.2.3",
      "jest": "^25.1.0",
      "prettier": "^1.19.1",
      "webpack": "^4.41.6",
      "webpack-cli": "^3.3.11",
      "webpack-dev-server": "^3.10.3"
    }
  }

yarn manifest: 
  No manifest

Lockfile: 
  No lockfile
